[Error  - 14:45:56.649] Getting token failed: Error: The name org.freedesktop.secrets was not provided by any .service files
[Error  - 14:46:26.664] Getting token failed: Error: The name org.freedesktop.secrets was not provided by any .service files
[Error  - 14:46:56.679] Getting token failed: Error: The name org.freedesktop.secrets was not provided by any .service files
[Error  - 14:47:26.694] Getting token failed: Error: The name org.freedesktop.secrets was not provided by any .service files
[Error  - 14:47:56.707] Getting token failed: Error: The name org.freedesktop.secrets was not provided by any .service files
[Error  - 14:48:26.721] Getting token failed: Error: The name org.freedesktop.secrets was not provided by any .service files
[Error  - 14:48:56.733] Getting token failed: Error: The name org.freedesktop.secrets was not provided by any .service files
[Error  - 14:49:26.747] Getting token failed: Error: The name org.freedesktop.secrets was not provided by any .service files
[Error  - 14:49:56.760] Getting token failed: Error: The name org.freedesktop.secrets was not provided by any .service files
[Error  - 14:50:26.773] Getting token failed: Error: The name org.freedesktop.secrets was not provided by any .service files
[Error  - 14:50:56.781] Getting token failed: Error: The name org.freedesktop.secrets was not provided by any .service files
[Error  - 14:51:26.791] Getting token failed: Error: The name org.freedesktop.secrets was not provided by any .service files
[Error  - 14:51:56.798] Getting token failed: Error: The name org.freedesktop.secrets was not provided by any .service files
[Error  - 14:52:26.812] Getting token failed: Error: The name org.freedesktop.secrets was not provided by any .service files
[Error  - 14:52:56.825] Getting token failed: Error: The name org.freedesktop.secrets was not provided by any .service files
[Error  - 14:53:26.835] Getting token failed: Error: The name org.freedesktop.secrets was not provided by any .service files
[Error  - 14:53:56.847] Getting token failed: Error: The name org.freedesktop.secrets was not provided by any .service files
[Error  - 14:54:26.859] Getting token failed: Error: The name org.freedesktop.secrets was not provided by any .service files
[Error  - 14:54:56.871] Getting token failed: Error: The name org.freedesktop.secrets was not provided by any .service files
[Error  - 14:55:26.881] Getting token failed: Error: The name org.freedesktop.secrets was not provided by any .service files
[Error  - 14:55:56.890] Getting token failed: Error: The name org.freedesktop.secrets was not provided by any .service files
[Error  - 14:56:26.903] Getting token failed: Error: The name org.freedesktop.secrets was not provided by any .service files
[Error  - 14:56:56.917] Getting token failed: Error: The name org.freedesktop.secrets was not provided by any .service files
[Error  - 14:57:26.928] Getting token failed: Error: The name org.freedesktop.secrets was not provided by any .service files
[Error  - 14:57:56.938] Getting token failed: Error: The name org.freedesktop.secrets was not provided by any .service files
[Error  - 14:58:26.952] Getting token failed: Error: The name org.freedesktop.secrets was not provided by any .service files
[Error  - 14:58:56.967] Getting token failed: Error: The name org.freedesktop.secrets was not provided by any .service files
[Error  - 14:59:26.980] Getting token failed: Error: The name org.freedesktop.secrets was not provided by any .service files
[Error  - 14:59:56.996] Getting token failed: Error: The name org.freedesktop.secrets was not provided by any .service files
[Error  - 15:00:27.10] Getting token failed: Error: The name org.freedesktop.secrets was not provided by any .service files
[Error  - 15:00:57.17] Getting token failed: Error: The name org.freedesktop.secrets was not provided by any .service files
[Error  - 15:01:27.32] Getting token failed: Error: The name org.freedesktop.secrets was not provided by any .service files
[Error  - 15:13:45.88] Getting token failed: Error: The name org.freedesktop.secrets was not provided by any .service files
[Error  - 15:14:15.97] Getting token failed: Error: The name org.freedesktop.secrets was not provided by any .service files
[Error  - 15:14:45.114] Getting token failed: Error: The name org.freedesktop.secrets was not provided by any .service files
[Error  - 15:15:15.131] Getting token failed: Error: The name org.freedesktop.secrets was not provided by any .service files
[Error  - 15:15:45.144] Getting token failed: Error: The name org.freedesktop.secrets was not provided by any .service files
[Error  - 15:16:15.170] Getting token failed: Error: The name org.freedesktop.secrets was not provided by any .service files
[Error  - 15:16:45.179] Getting token failed: Error: The name org.freedesktop.secrets was not provided by any .service files
[Error  - 15:17:15.188] Getting token failed: Error: The name org.freedesktop.secrets was not provided by any .service files
[Error  - 15:17:45.212] Getting token failed: Error: The name org.freedesktop.secrets was not provided by any .service files
[Error  - 15:18:22.693] Getting token failed: Error: The name org.freedesktop.secrets was not provided by any .service files
[Error  - 15:18:52.707] Getting token failed: Error: The name org.freedesktop.secrets was not provided by any .service files
[Error  - 15:19:22.719] Getting token failed: Error: The name org.freedesktop.secrets was not provided by any .service files
[Error  - 15:19:52.732] Getting token failed: Error: The name org.freedesktop.secrets was not provided by any .service files
[Info  - 15:20:17.549] Logging in...
[Error  - 15:20:22.744] Getting token failed: Error: The name org.freedesktop.secrets was not provided by any .service files
[Error  - 15:20:52.755] Getting token failed: Error: The name org.freedesktop.secrets was not provided by any .service files
[Info  - 15:20:54.691] Exchanging code for token...
[Info  - 15:20:55.397] Token exchange success!
[Info  - 15:20:55.398] Getting account info...
[Info  - 15:20:55.739] Got account info!
[Error  - 15:20:55.747] Setting token failed: Error: The name org.freedesktop.secrets was not provided by any .service files
[Info  - 15:21:06.120] Login success!
[Error  - 15:21:22.762] Getting token failed: Error: The name org.freedesktop.secrets was not provided by any .service files
[Info  - 15:21:22.762] Removing session no longer found in keychain
[Error  - 15:21:52.775] Getting token failed: Error: The name org.freedesktop.secrets was not provided by any .service files
[Error  - 15:22:22.789] Getting token failed: Error: The name org.freedesktop.secrets was not provided by any .service files
[Error  - 15:22:52.801] Getting token failed: Error: The name org.freedesktop.secrets was not provided by any .service files
[Error  - 15:23:22.815] Getting token failed: Error: The name org.freedesktop.secrets was not provided by any .service files
[Error  - 15:33:21.738] Getting token failed: Error: The name org.freedesktop.secrets was not provided by any .service files
[Error  - 15:33:51.752] Getting token failed: Error: The name org.freedesktop.secrets was not provided by any .service files
[Error  - 15:59:09.280] Getting token failed: Error: The name org.freedesktop.secrets was not provided by any .service files
[Error  - 15:59:39.294] Getting token failed: Error: The name org.freedesktop.secrets was not provided by any .service files
[Error  - 16:00:09.304] Getting token failed: Error: The name org.freedesktop.secrets was not provided by any .service files
[Error  - 16:00:39.314] Getting token failed: Error: The name org.freedesktop.secrets was not provided by any .service files
[Error  - 16:01:09.322] Getting token failed: Error: The name org.freedesktop.secrets was not provided by any .service files
[Error  - 16:28:34.507] Getting token failed: Error: The name org.freedesktop.secrets was not provided by any .service files
[Error  - 16:29:15.457] Getting token failed: Error: The name org.freedesktop.secrets was not provided by any .service files
[Error  - 16:29:45.472] Getting token failed: Error: The name org.freedesktop.secrets was not provided by any .service files
[Error  - 16:30:15.486] Getting token failed: Error: The name org.freedesktop.secrets was not provided by any .service files
[Error  - 16:30:45.492] Getting token failed: Error: The name org.freedesktop.secrets was not provided by any .service files
[Error  - 16:31:15.503] Getting token failed: Error: The name org.freedesktop.secrets was not provided by any .service files
[Error  - 16:31:45.517] Getting token failed: Error: The name org.freedesktop.secrets was not provided by any .service files
[Error  - 16:32:15.529] Getting token failed: Error: The name org.freedesktop.secrets was not provided by any .service files
[Error  - 16:32:45.541] Getting token failed: Error: The name org.freedesktop.secrets was not provided by any .service files
[Error  - 16:33:15.555] Getting token failed: Error: The name org.freedesktop.secrets was not provided by any .service files
[Error  - 16:33:45.569] Getting token failed: Error: The name org.freedesktop.secrets was not provided by any .service files
[Error  - 16:34:15.586] Getting token failed: Error: The name org.freedesktop.secrets was not provided by any .service files
[Error  - 16:34:45.596] Getting token failed: Error: The name org.freedesktop.secrets was not provided by any .service files
[Error  - 16:35:15.609] Getting token failed: Error: The name org.freedesktop.secrets was not provided by any .service files
[Error  - 16:35:45.623] Getting token failed: Error: The name org.freedesktop.secrets was not provided by any .service files
[Error  - 16:36:15.636] Getting token failed: Error: The name org.freedesktop.secrets was not provided by any .service files
[Error  - 16:36:45.648] Getting token failed: Error: The name org.freedesktop.secrets was not provided by any .service files
[Error  - 18:35:34.303] Getting token failed: Error: The name org.freedesktop.secrets was not provided by any .service files
[Error  - 18:40:38.113] Getting token failed: Error: The name org.freedesktop.secrets was not provided by any .service files
[Error  - 18:41:08.128] Getting token failed: Error: The name org.freedesktop.secrets was not provided by any .service files
[Error  - 18:41:38.144] Getting token failed: Error: The name org.freedesktop.secrets was not provided by any .service files
[Error  - 18:42:08.159] Getting token failed: Error: The name org.freedesktop.secrets was not provided by any .service files
[Error  - 18:42:38.172] Getting token failed: Error: The name org.freedesktop.secrets was not provided by any .service files
[Error  - 18:43:08.186] Getting token failed: Error: The name org.freedesktop.secrets was not provided by any .service files
[Error  - 18:43:38.200] Getting token failed: Error: The name org.freedesktop.secrets was not provided by any .service files
[Error  - 18:44:08.215] Getting token failed: Error: The name org.freedesktop.secrets was not provided by any .service files
[Error  - 18:44:38.229] Getting token failed: Error: The name org.freedesktop.secrets was not provided by any .service files
[Error  - 18:45:08.243] Getting token failed: Error: The name org.freedesktop.secrets was not provided by any .service files
[Error  - 18:45:38.253] Getting token failed: Error: The name org.freedesktop.secrets was not provided by any .service files
[Error  - 18:46:08.264] Getting token failed: Error: The name org.freedesktop.secrets was not provided by any .service files
[Error  - 18:46:38.280] Getting token failed: Error: The name org.freedesktop.secrets was not provided by any .service files
[Error  - 18:47:53.476] Getting token failed: Error: The name org.freedesktop.secrets was not provided by any .service files
[Error  - 18:48:23.490] Getting token failed: Error: The name org.freedesktop.secrets was not provided by any .service files
[Error  - 18:48:53.503] Getting token failed: Error: The name org.freedesktop.secrets was not provided by any .service files
[Error  - 18:49:23.513] Getting token failed: Error: The name org.freedesktop.secrets was not provided by any .service files
[Error  - 18:49:53.521] Getting token failed: Error: The name org.freedesktop.secrets was not provided by any .service files
[Error  - 18:50:23.529] Getting token failed: Error: The name org.freedesktop.secrets was not provided by any .service files
[Error  - 18:50:53.541] Getting token failed: Error: The name org.freedesktop.secrets was not provided by any .service files
[Error  - 18:51:23.555] Getting token failed: Error: The name org.freedesktop.secrets was not provided by any .service files
[Error  - 18:51:53.570] Getting token failed: Error: The name org.freedesktop.secrets was not provided by any .service files
[Error  - 18:52:23.577] Getting token failed: Error: The name org.freedesktop.secrets was not provided by any .service files
[Error  - 18:52:53.583] Getting token failed: Error: The name org.freedesktop.secrets was not provided by any .service files
[Error  - 18:53:23.592] Getting token failed: Error: The name org.freedesktop.secrets was not provided by any .service files
[Error  - 18:53:53.606] Getting token failed: Error: The name org.freedesktop.secrets was not provided by any .service files
[Error  - 18:54:23.619] Getting token failed: Error: The name org.freedesktop.secrets was not provided by any .service files
[Error  - 18:54:53.634] Getting token failed: Error: The name org.freedesktop.secrets was not provided by any .service files
[Error  - 18:55:23.648] Getting token failed: Error: The name org.freedesktop.secrets was not provided by any .service files
[Error  - 18:55:53.656] Getting token failed: Error: The name org.freedesktop.secrets was not provided by any .service files
[Error  - 18:56:23.667] Getting token failed: Error: The name org.freedesktop.secrets was not provided by any .service files
[Error  - 18:56:53.682] Getting token failed: Error: The name org.freedesktop.secrets was not provided by any .service files
[Error  - 18:57:23.696] Getting token failed: Error: The name org.freedesktop.secrets was not provided by any .service files
[Error  - 18:57:53.703] Getting token failed: Error: The name org.freedesktop.secrets was not provided by any .service files
[Error  - 18:58:23.714] Getting token failed: Error: The name org.freedesktop.secrets was not provided by any .service files
[Error  - 18:58:53.728] Getting token failed: Error: The name org.freedesktop.secrets was not provided by any .service files
[Error  - 18:59:23.741] Getting token failed: Error: The name org.freedesktop.secrets was not provided by any .service files
[Error  - 18:59:53.757] Getting token failed: Error: The name org.freedesktop.secrets was not provided by any .service files
[Error  - 19:00:23.770] Getting token failed: Error: The name org.freedesktop.secrets was not provided by any .service files
[Error  - 19:00:53.785] Getting token failed: Error: The name org.freedesktop.secrets was not provided by any .service files
[Error  - 19:01:23.797] Getting token failed: Error: The name org.freedesktop.secrets was not provided by any .service files
